{
  "RSpec": {
    "coverage": {
      "/home/ubuntu/workspace/rottenpotatoes/config/environment.rb": [
        null,
        1,
        null,
        null,
        1
      ],
      "/home/ubuntu/workspace/rottenpotatoes/config/application.rb": [
        1,
        null,
        null,
        1,
        1,
        1,
        1,
        1,
        null,
        null,
        1,
        null,
        1,
        null,
        null,
        null,
        null,
        1,
        1,
        null,
        null,
        null,
        null,
        null,
        null,
        null,
        null,
        null,
        null,
        null,
        null,
        null,
        null,
        null,
        null,
        null,
        null,
        null,
        null,
        null,
        null,
        null,
        1,
        null,
        null,
        1,
        null,
        null,
        1,
        null,
        null,
        1,
        null,
        null,
        null,
        1,
        null,
        null,
        null,
        null,
        null,
        null,
        null,
        null,
        null,
        null,
        1,
        null,
        null,
        1,
        null,
        null,
        null,
        null
      ],
      "/home/ubuntu/workspace/rottenpotatoes/config/boot.rb": [
        1,
        null,
        null,
        1,
        null,
        1
      ],
      "/home/ubuntu/workspace/rottenpotatoes/config/environments/test.rb": [
        1,
        null,
        null,
        null,
        null,
        null,
        null,
        1,
        null,
        null,
        1,
        1,
        null,
        null,
        1,
        null,
        null,
        1,
        1,
        null,
        null,
        1,
        null,
        null,
        1,
        null,
        null,
        null,
        null,
        1,
        null,
        null,
        null,
        null,
        null,
        null,
        null,
        1,
        null,
        null,
        1,
        null
      ],
      "/home/ubuntu/workspace/rottenpotatoes/config/initializers/backtrace_silencers.rb": [
        null,
        null,
        null,
        null,
        null,
        null,
        null
      ],
      "/home/ubuntu/workspace/rottenpotatoes/config/initializers/inflections.rb": [
        null,
        null,
        null,
        null,
        null,
        null,
        null,
        null,
        null,
        null
      ],
      "/home/ubuntu/workspace/rottenpotatoes/config/initializers/mime_types.rb": [
        null,
        null,
        null,
        null,
        null
      ],
      "/home/ubuntu/workspace/rottenpotatoes/config/initializers/secret_token.rb": [
        null,
        null,
        null,
        null,
        null,
        null,
        1
      ],
      "/home/ubuntu/workspace/rottenpotatoes/config/initializers/session_store.rb": [
        null,
        null,
        1,
        null,
        null,
        null,
        null,
        null
      ],
      "/home/ubuntu/workspace/rottenpotatoes/config/initializers/wrap_parameters.rb": [
        null,
        null,
        null,
        null,
        null,
        null,
        1,
        1,
        null,
        null,
        null,
        1,
        1,
        null
      ],
      "/home/ubuntu/workspace/rottenpotatoes/app/controllers/application_controller.rb": [
        1,
        1,
        null
      ],
      "/home/ubuntu/workspace/rottenpotatoes/app/helpers/application_helper.rb": [
        1,
        null
      ],
      "/home/ubuntu/workspace/rottenpotatoes/app/helpers/movies_helper.rb": [
        1,
        null,
        1,
        0,
        null,
        null
      ],
      "/home/ubuntu/workspace/rottenpotatoes/app/controllers/movies_controller.rb": [
        1,
        null,
        1,
        1,
        1,
        1,
        null,
        null,
        null,
        1,
        1,
        1,
        null,
        0,
        null,
        0,
        null,
        1,
        1,
        null,
        1,
        6,
        null,
        null,
        1,
        0,
        0,
        0,
        null,
        null,
        1,
        0,
        0,
        0,
        0,
        null,
        1,
        null,
        null,
        1,
        null,
        null,
        null,
        1,
        1,
        1,
        1,
        null,
        null,
        1,
        0,
        null,
        null,
        1,
        1,
        1,
        1,
        1,
        null,
        null,
        1,
        1,
        1,
        1,
        1,
        null,
        null,
        1,
        3,
        3,
        3,
        3,
        2,
        null,
        1,
        1,
        null,
        null,
        null
      ],
      "/home/ubuntu/workspace/rottenpotatoes/app/models/movie.rb": [
        1,
        null,
        1,
        null,
        1,
        1,
        null,
        null,
        1,
        0,
        null,
        null,
        null
      ],
      "/home/ubuntu/workspace/rottenpotatoes/config/routes.rb": [
        1,
        null,
        null,
        null,
        null,
        1,
        null,
        null,
        null,
        null,
        null,
        null,
        null,
        null,
        null,
        null,
        null,
        1,
        1,
        null,
        null,
        null,
        null,
        null,
        null,
        null,
        null,
        null,
        null,
        null,
        null,
        null,
        null,
        null,
        null,
        null,
        null,
        null,
        null,
        null,
        null,
        null,
        null,
        null,
        null,
        null,
        null,
        null,
        null,
        null,
        null,
        null,
        null,
        null,
        null,
        null,
        null,
        null,
        null,
        null,
        null,
        null,
        null,
        null
      ],
      "/home/ubuntu/workspace/rottenpotatoes/spec/models/movie_spec.rb": [
        1,
        null,
        1,
        1,
        1,
        1,
        1,
        null,
        null,
        null
      ]
    },
    "timestamp": 1479867592
  },
  "Cucumber Features": {
    "coverage": {
      "/home/ubuntu/workspace/rottenpotatoes/app/controllers/application_controller.rb": [
        1,
        1,
        null
      ],
      "/home/ubuntu/workspace/rottenpotatoes/app/helpers/application_helper.rb": [
        1,
        null
      ],
      "/home/ubuntu/workspace/rottenpotatoes/app/helpers/movies_helper.rb": [
        1,
        null,
        1,
        0,
        null,
        null
      ],
      "/home/ubuntu/workspace/rottenpotatoes/app/controllers/movies_controller.rb": [
        1,
        null,
        1,
        3,
        3,
        3,
        null,
        null,
        null,
        1,
        19,
        19,
        null,
        7,
        null,
        3,
        null,
        19,
        19,
        null,
        19,
        30,
        null,
        null,
        19,
        3,
        3,
        3,
        null,
        null,
        16,
        5,
        5,
        5,
        5,
        null,
        11,
        null,
        null,
        1,
        null,
        null,
        null,
        1,
        0,
        0,
        0,
        null,
        null,
        1,
        1,
        null,
        null,
        1,
        1,
        1,
        1,
        1,
        null,
        null,
        1,
        0,
        0,
        0,
        0,
        null,
        null,
        1,
        2,
        2,
        2,
        2,
        1,
        null,
        1,
        1,
        null,
        null,
        null
      ],
      "/home/ubuntu/workspace/rottenpotatoes/app/models/movie.rb": [
        1,
        null,
        1,
        null,
        1,
        19,
        null,
        null,
        1,
        1,
        null,
        null,
        null
      ]
    },
    "timestamp": 1479867583
  }
}
